<?xml version="1.0" encoding="utf-8"?><testsuites><testsuite name="pytest" errors="0" failures="0" skipped="0" tests="4" time="3.131" timestamp="2023-11-01T21:46:10.908098" hostname="DESKTOP-1E6RNVP"><testcase classname="tests.test_empleado_service" name="test_create_empleado_con_usuario_mal" time="0.321" /><testcase classname="tests.test_empleado_service" name="test_create_empleado" time="0.039" /><testcase classname="tests.test_proyecto_service" name="test_create_proyecto_con_usuario_mal" time="0.042" /><testcase classname="tests.test_proyecto_service" name="test_create_proyecto" time="0.047" /></testsuite></testsuites>