<?xml version="1.0" encoding="utf-8"?><testsuites><testsuite name="pytest" errors="0" failures="0" skipped="0" tests="9" time="2.683" timestamp="2023-11-05T18:06:29.220135" hostname="DESKTOP-1E6RNVP"><testcase classname="tests.test_empleado_service" name="test_create_empleado_con_usuario_mal" time="0.265" /><testcase classname="tests.test_empleado_service" name="test_create_empleado" time="0.034" /><testcase classname="tests.test_empleado_service" name="test_asociar_empleado_sin_proyecto" time="0.030" /><testcase classname="tests.test_empleado_service" name="test_asociar_empleado_proyecto_repetido" time="0.035" /><testcase classname="tests.test_empleado_service" name="test_asociar_empleado_proyecto" time="0.034" /><testcase classname="tests.test_proyecto_service" name="test_create_proyecto_con_usuario_mal" time="0.032" /><testcase classname="tests.test_proyecto_service" name="test_create_proyecto" time="0.037" /><testcase classname="tests.test_proyecto_service" name="test_listar_proyectos_con_usuario_mal" time="0.035" /><testcase classname="tests.test_proyecto_service" name="test_listar_proyectos" time="0.073" /></testsuite></testsuites>