<?xml version="1.0" encoding="utf-8"?><testsuites><testsuite name="pytest" errors="0" failures="1" skipped="0" tests="11" time="3.756" timestamp="2023-11-08T00:08:23.548744" hostname="DESKTOP-1E6RNVP"><testcase classname="tests.test_empleado_service" name="test_create_empleado_con_usuario_mal" time="0.345" /><testcase classname="tests.test_empleado_service" name="test_create_empleado" time="0.053" /><testcase classname="tests.test_empleado_service" name="test_asociar_empleado_sin_proyecto" time="0.037" /><testcase classname="tests.test_empleado_service" name="test_asociar_empleado_proyecto_repetido" time="0.042" /><testcase classname="tests.test_empleado_service" name="test_asociar_empleado_proyecto" time="0.032"><failure message="AssertionError: assert &lt;HTTPStatus.BAD_REQUEST: 400&gt; == &lt;HTTPStatus.OK: 200&gt;&#10; +  where &lt;HTTPStatus.BAD_REQUEST: 400&gt; = ResponseDto(body={'detail': 'El empleado ya esta asociado al proyecto'}, status_code=&lt;HTTPStatus.BAD_REQUEST: 400&gt;).status_code&#10; +  and   &lt;HTTPStatus.OK: 200&gt; = HTTPStatus.OK">@pytest.mark.asyncio
    async def test_asociar_empleado_proyecto():
        await init()
        data = {"empleadoId":1, "proyectoId":2}
    
        test_response = await empleado_service.asociar_empleado_proyecto(data)
    
        # Verifica que se haya creado el empleado
&gt;       assert test_response.status_code == HTTPStatus.OK
E       AssertionError: assert &lt;HTTPStatus.BAD_REQUEST: 400&gt; == &lt;HTTPStatus.OK: 200&gt;
E        +  where &lt;HTTPStatus.BAD_REQUEST: 400&gt; = ResponseDto(body={'detail': 'El empleado ya esta asociado al proyecto'}, status_code=&lt;HTTPStatus.BAD_REQUEST: 400&gt;).status_code
E        +  and   &lt;HTTPStatus.OK: 200&gt; = HTTPStatus.OK

tests\test_empleado_service.py:74: AssertionError</failure></testcase><testcase classname="tests.test_empleado_service" name="test_listar_empleados_con_usuario_mal" time="0.045" /><testcase classname="tests.test_empleado_service" name="test_listar_empleados" time="0.085" /><testcase classname="tests.test_proyecto_service" name="test_create_proyecto_con_usuario_mal" time="0.038" /><testcase classname="tests.test_proyecto_service" name="test_create_proyecto" time="0.049" /><testcase classname="tests.test_proyecto_service" name="test_listar_proyectos_con_usuario_mal" time="0.039" /><testcase classname="tests.test_proyecto_service" name="test_listar_proyectos" time="0.088" /></testsuite></testsuites>