<?xml version="1.0" encoding="utf-8"?><testsuites><testsuite name="pytest" errors="0" failures="0" skipped="0" tests="6" time="2.383" timestamp="2023-11-14T22:17:54.498659" hostname="DESKTOP-1E6RNVP"><testcase classname="tests.test_pruebas_service" name="test_consultar_postulaciones_oferta_sin_postulaciones" time="0.271" /><testcase classname="tests.test_pruebas_service" name="test_postular_candidato_faltan_campos" time="0.031" /><testcase classname="tests.test_pruebas_service" name="test_postular_candidato_ok" time="0.031" /><testcase classname="tests.test_pruebas_service" name="test_postular_candidato_ya_existe" time="0.043" /><testcase classname="tests.test_pruebas_service" name="test_registrar_prueba_ok" time="0.041" /><testcase classname="tests.test_pruebas_service" name="test_consultar_postulaciones_oferta_ok" time="0.041" /></testsuite></testsuites>