<?xml version="1.0" encoding="utf-8"?><testsuites><testsuite name="pytest" errors="0" failures="0" skipped="0" tests="5" time="1.737" timestamp="2023-11-11T12:31:32.304161" hostname="DESKTOP-1E6RNVP"><testcase classname="tests.test_pruebas_service" name="test_postular_candidato_faltan_campos" time="0.222" /><testcase classname="tests.test_pruebas_service" name="test_postular_candidato_ok" time="0.025" /><testcase classname="tests.test_pruebas_service" name="test_postular_candidato_ya_existe" time="0.030" /><testcase classname="tests.test_pruebas_service" name="test_registrar_prueba_ok" time="0.033" /><testcase classname="tests.test_pruebas_service" name="test_consultar_postulaciones_oferta_ok" time="0.026" /></testsuite></testsuites>