<?xml version="1.0" encoding="utf-8"?><testsuites><testsuite name="pytest" errors="0" failures="0" skipped="0" tests="12" time="2.713" timestamp="2023-11-05T12:46:19.977889" hostname="DESKTOP-1E6RNVP"><testcase classname="tests.test_segmento_service" name="test_listar_vacio" time="0.199" /><testcase classname="tests.test_segmento_service" name="test_listar" time="0.021" /><testcase classname="tests.test_skill_service" name="test_asociar_error_servicio" time="0.017" /><testcase classname="tests.test_skill_service" name="test_asociar" time="0.048" /><testcase classname="tests.test_usuario_controller" name="test_create_candidato_controller" time="0.146" /><testcase classname="tests.test_usuario_controller" name="test_ping" time="0.009" /><testcase classname="tests.test_usuario_service" name="test_create_usuario" time="0.141" /><testcase classname="tests.test_usuario_service" name="test_create_usuario_faltan_campos" time="0.016" /><testcase classname="tests.test_usuario_service" name="test_create_usuario_con_username_repetido" time="0.140" /><testcase classname="tests.test_usuario_service" name="test_create_empresa" time="0.128" /><testcase classname="tests.test_usuario_service" name="test_create_empresa_faltan_campos" time="0.014" /><testcase classname="tests.test_usuario_service" name="test_create_empresa_con_username_repetido" time="0.129" /></testsuite></testsuites>