<?xml version="1.0" encoding="utf-8"?><testsuites><testsuite name="pytest" errors="0" failures="0" skipped="0" tests="5" time="4.714" timestamp="2023-10-19T21:33:35.820834" hostname="DESKTOP-1E6RNVP"><testcase classname="tests.test_usuario_controller" name="test_create_candidato_controller" time="0.302" /><testcase classname="tests.test_usuario_controller" name="test_ping" time="0.013" /><testcase classname="tests.test_usuario_service" name="test_create_usuario" time="0.296" /><testcase classname="tests.test_usuario_service" name="test_create_usuario_faltan_campos" time="0.025" /><testcase classname="tests.test_usuario_service" name="test_create_usuario_con_username_repetido" time="0.231" /></testsuite></testsuites>