<?xml version="1.0" encoding="utf-8"?><testsuites><testsuite name="pytest" errors="0" failures="0" skipped="0" tests="6" time="3.426" timestamp="2023-11-09T22:55:38.404846" hostname="DESKTOP-1E6RNVP"><testcase classname="tests.test_offers_service" name="test_crear_oferta" time="0.359" /><testcase classname="tests.test_offers_service" name="test_crear_oferta_usuario_no_autorizado" time="0.019" /><testcase classname="tests.test_offers_service" name="test_error_al_crear_oferta_con_datos_incompletos" time="0.006" /><testcase classname="tests.test_offers_service" name="test_error_al_crear_oferta_con_datos_de_skills_incompletos" time="0.017" /><testcase classname="tests.test_offers_service" name="test_list_offers" time="0.017" /><testcase classname="tests.test_offers_service" name="test_list_offers_by_project" time="0.009" /></testsuite></testsuites>