<?xml version="1.0" encoding="utf-8"?><testsuites><testsuite name="pytest" errors="0" failures="0" skipped="0" tests="5" time="3.340" timestamp="2023-11-08T00:09:37.598406" hostname="DESKTOP-1E6RNVP"><testcase classname="tests.test_offers_service" name="test_crear_oferta" time="0.467" /><testcase classname="tests.test_offers_service" name="test_crear_oferta_usuario_no_autorizado" time="0.021" /><testcase classname="tests.test_offers_service" name="test_error_al_crear_oferta_con_datos_incompletos" time="0.006" /><testcase classname="tests.test_offers_service" name="test_error_al_crear_oferta_con_datos_de_skills_incompletos" time="0.014" /><testcase classname="tests.test_offers_service" name="test_list_offers" time="0.017" /></testsuite></testsuites>