<?xml version="1.0" encoding="utf-8"?><testsuites><testsuite name="pytest" errors="0" failures="0" skipped="0" tests="9" time="1.878" timestamp="2023-11-17T00:35:14.395571" hostname="DESKTOP-1E6RNVP"><testcase classname="tests.test_entrevistas_service" name="test_crear_entrevista_sin_usuario" time="0.193" /><testcase classname="tests.test_entrevistas_service" name="test_crear_entrevista_sin_titulo" time="0.015" /><testcase classname="tests.test_entrevistas_service" name="test_crear_entrevista" time="0.029" /><testcase classname="tests.test_entrevistas_service" name="test_calificar_entrevista_sin_usuario" time="0.015" /><testcase classname="tests.test_entrevistas_service" name="test_calificar_entrevista_sin_comentario" time="0.013" /><testcase classname="tests.test_entrevistas_service" name="test_calificar_entrevista_no_existe" time="0.015" /><testcase classname="tests.test_entrevistas_service" name="test_calificar_entrevista" time="0.025" /><testcase classname="tests.test_entrevistas_service" name="test_listar_entrevista_vacio" time="0.017" /><testcase classname="tests.test_entrevistas_service" name="test_listar_entrevista" time="0.015" /></testsuite></testsuites>